Arguments: 
  /home/nazsph/.nvm/versions/node/v10.24.0/bin/node /snap/node/7707/bin/yarn.js install

PATH: 
  /home/nazsph/.npm/_npx/17285/bin:/home/linuxbrew/.linuxbrew/bin:/home/linuxbrew/.linuxbrew/sbin:/home/nazsph/.nvm/versions/node/v10.24.0/bin:/usr/local/sbin:/usr/local/bin:/usr/sbin:/usr/bin:/sbin:/bin:/usr/games:/usr/local/games:/snap/bin:/snap/bin:/home/nazsph/bin:/home/nazsph/Android/Sdk/emulator:/home/nazsph/Android/Sdk/platform-tools:/home/nazsph/bin:/home/nazsph/Android/Sdk/emulator:/home/nazsph/Android/Sdk/platform-tools

Yarn version: 
  1.22.19

Node version: 
  10.24.0

Platform: 
  linux x64

Trace: 
  Error: EACCES: permission denied, write
      at writeSync (fs.js:573:3)
      at SyncWriteStream._write (internal/fs/sync_write_stream.js:22:3)
      at doWrite (_stream_writable.js:415:12)
      at writeOrBuffer (_stream_writable.js:399:5)
      at SyncWriteStream.Writable.write (_stream_writable.js:299:11)
      at Object.cursorTo (readline.js:1130:12)
      at writeOnNthLine (/snap/node/7707/lib/cli.js:49482:14)
      at Spinner.render (/snap/node/7707/lib/cli.js:93489:48)
      at Spinner.start (/snap/node/7707/lib/cli.js:93476:10)
      at ConsoleReporter.activity (/snap/node/7707/lib/cli.js:93022:13)

npm manifest: 
  {
    "name": "myapp",
    "version": "1.0.0",
    "main": "index.js",
    "scripts": {
      "start": "expo start",
      "android": "expo start --android",
      "ios": "expo start --ios",
      "web": "expo start --web"
    },
    "dependencies": {
      "expo": "^49.0.3",
      "expo-constants": "~14.4.2",
      "expo-linking": "~5.0.2",
      "expo-router": "2.0.0",
      "expo-splash-screen": "~0.20.4",
      "expo-status-bar": "~1.6.0",
      "react": "18.2.0",
      "react-dom": "18.2.0",
      "react-native": "0.72.3",
      "react-native-gesture-handler": "~2.12.0",
      "react-native-reanimated": "~3.3.0",
      "react-native-safe-area-context": "4.6.3",
      "react-native-screens": "~3.22.0",
      "react-native-web": "~0.19.6"
    },
    "devDependencies": {
      "@babel/core": "^7.19.3",
      "@babel/plugin-proposal-export-namespace-from": "^7.18.9"
    },
    "resolutions": {
      "metro": "^0.73.7",
      "metro-resolver": "^0.73.7"
    },
    "overrides": {
      "metro": "^0.73.7",
      "metro-resolver": "^0.73.7"
    },
    "private": true
  }

yarn manifest: 
  No manifest

Lockfile: 
  No lockfile
